<?xml version="1.0" encoding="UTF-8"?>
<testsuite xmlns:xsi="http://www.w3.org/2001/XMLSchema-instance" xsi:noNamespaceSchemaLocation="https://maven.apache.org/surefire/maven-surefire-plugin/xsd/surefire-test-report-3.0.xsd" version="3.0" name="simulation.SimulationTest" time="0.099" tests="1" errors="0" skipped="0" failures="0">
  <properties>
[...]
</properties>
  <testcase name="exempleDuSujetDoitDiminuerChargeVirale" classname="simulation.SimulationTest" time="0.062">
    <system-out><![CDATA[Cycle 0
Patient P1 I=5.0200000000000005
  Pathogène VirusA L=12.55
  Médicament MedA D=1.0

-----------------------
Cycle 1
Patient P1 I=10.498400000000002
  Pathogène VirusA L=14.951000000000002
  Médicament MedA D=0.8

-----------------------
Cycle 2
Patient P1 I=16.268008000000005
  Pathogène VirusA L=17.048620000000003
  Médicament MedA D=0.6400000000000001

-----------------------
Cycle 3
Patient P1 I=21.932888960000003
  Pathogène VirusA L=18.2292044
  Médicament MedA D=1.512

-----------------------
Cycle 4
Patient P1 I=27.246427235200002
  Pathogène VirusA L=18.767067928
  Médicament MedA D=1.2096

-----------------------
Cycle 5
Patient P1 I=31.926763255424007
  Pathogène VirusA L=18.51244685936
  Médicament MedA D=0.9676800000000001

-----------------------
Cycle 6
Patient P1 I=35.48707231631489
  Pathogène VirusA L=16.8824634660832
  Médicament MedA D=1.7741440000000002

-----------------------
Cycle 7
Patient P1 I=37.62280356574147
  Pathogène VirusA L=14.21109620264518
  Médicament MedA D=1.4193152000000002

-----------------------
Cycle 8
Patient P1 I=38.0360875604835
  Pathogène VirusA L=10.43891087829044
  Médicament MedA D=1.1354521600000003

-----------------------
Cycle 9
Patient P1 I=36.274320345267505
  Pathogène VirusA L=5.104603852080871
  Médicament MedA D=1.9083617280000003

-----------------------
Cycle 10
Patient P1 I=32.646888310740756
  Pathogène VirusA L=0.0
  Médicament MedA D=1.5266893824000003

-----------------------
Cycle 11
Patient P1 I=29.38219947966668
  Pathogène VirusA L=0.0
  Médicament MedA D=1.2213515059200004

-----------------------
Cycle 12
Patient P1 I=26.443979531700013
  Pathogène VirusA L=0.0
  Médicament MedA D=1.9770812047360002

-----------------------
Cycle 13
Patient P1 I=23.79958157853001
  Pathogène VirusA L=0.0
  Médicament MedA D=1.5816649637888003

-----------------------
Cycle 14
Patient P1 I=21.41962342067701
  Pathogène VirusA L=0.0
  Médicament MedA D=1.2653319710310402

-----------------------
Cycle 15
Patient P1 I=19.27766107860931
  Pathogène VirusA L=0.0
  Médicament MedA D=2.0122655768248325

-----------------------
Cycle 16
Patient P1 I=17.34989497074838
  Pathogène VirusA L=0.0
  Médicament MedA D=1.6098124614598661

-----------------------
Cycle 17
Patient P1 I=15.614905473673542
  Pathogène VirusA L=0.0
  Médicament MedA D=1.287849969167893

-----------------------
Cycle 18
Patient P1 I=14.053414926306187
  Pathogène VirusA L=0.0
  Médicament MedA D=2.030279975334315

-----------------------
Cycle 19
Patient P1 I=12.648073433675568
  Pathogène VirusA L=0.0
  Médicament MedA D=1.6242239802674519

-----------------------
]]></system-out>
  </testcase>
</testsuite>